2024-05-28 11:45:04,500 INFO 
	Новые статьи на сайте New york Times с ключевыми словами: Trump и Biden

2024-05-28 11:45:05,658 INFO Заголовок статьи: Biden Marks Memorial Day With Message About Freedom as Trump Lashes Out
2024-05-28 11:45:05,659 INFO Краткое описание: An earlier message from Donald J. Trump was more traditional, but it was quickly followed by one wishing a happy Memorial Day to “Human Scum.”
2024-05-28 11:45:05,659 INFO Автор: Michael D. Shear

2024-05-28 11:45:05,659 INFO Заголовок статьи: Trump Elevates a Conservative ‘Warrior’ on Education
2024-05-28 11:45:05,660 INFO Краткое описание: Byron Donalds is best known as a Trump defender and potential vice-presidential pick. But in Florida, the congressman and his wife made a name — and a business — in the charter school movement.
2024-05-28 11:45:05,660 INFO Автор: Alexandra BerzonandMichael C. Bender

2024-05-28 11:45:05,660 INFO Заголовок статьи: Libertarians Skip Over Trump and R.F.K. Jr. for Chase Oliver
2024-05-28 11:45:05,660 INFO Краткое описание: The party selected Mr. Oliver as its presidential nominee. He ran for a Senate seat in Georgia in 2022.
2024-05-28 11:45:05,661 INFO Автор: Rebecca Davis O’BrienandMichael Gold

2024-05-28 11:45:05,661 INFO Заголовок статьи: Trump’s Post-Verdict Playbook: Anger and Retribution, Regardless of the Outcome
2024-05-28 11:45:05,661 INFO Краткое описание: Former President Donald J. Trump has a history of attacking investigators, blaming President Biden and seeking vengeance on those who cross him.
2024-05-28 11:45:05,661 INFO Автор: Jonathan SwanandMaggie Haberman

2024-05-28 11:45:05,661 INFO Заголовок статьи: The Hard Problem of Bringing Trump Into Focus
2024-05-28 11:45:05,661 INFO Краткое описание: For all the news that the former president makes, the Biden team is struggling to make the campaign about him.
2024-05-28 11:45:05,661 INFO Автор: Jason Zengerle

2024-05-28 11:55:05,662 INFO 
	Новые статьи на сайте New york Times с ключевыми словами: Trump и Biden

2024-05-28 12:06:19,784 INFO 
	Новые статьи на сайте New york Times с ключевыми словами: Trump и Biden

2024-05-28 12:16:20,795 INFO 
	Новые статьи на сайте New york Times с ключевыми словами: Trump и Biden

2024-05-28 12:16:21,961 INFO Заголовок статьи: Trump Leans Into an Outlaw Image as His Criminal Trial Concludes
2024-05-28 12:16:21,962 INFO Краткое описание: Preparing for a potential verdict in Manhattan, the former president has increasingly aligned himself with fellow defendants and people convicted of crimes.
2024-05-28 12:16:21,963 INFO Автор: Maggie HabermanandJonah E. Bromwich

2024-05-28 12:16:21,963 INFO Заголовок статьи: Eyeing Trump, but on the Fence: How Tuned-Out Voters Could Decide 2024
2024-05-28 12:16:21,963 INFO Краткое описание: Politically disengaged Americans are increasingly Trump-curious, but President Biden has a shot at winning some of them back. Reaching them in a changed media environment will be his challenge.
2024-05-28 12:16:21,963 INFO Автор: Katie GlueckandNick Corasaniti

2024-05-28 12:26:21,963 INFO 
	Новые статьи на сайте New york Times с ключевыми словами: Trump и Biden

2024-05-28 12:36:22,846 INFO 
	Новые статьи на сайте New york Times с ключевыми словами: Trump и Biden

2024-05-28 12:46:23,743 INFO 
	Новые статьи на сайте New york Times с ключевыми словами: Trump и Biden

2024-05-28 12:56:24,711 INFO 
	Новые статьи на сайте New york Times с ключевыми словами: Trump и Biden

2024-05-28 13:06:25,449 INFO 
	Новые статьи на сайте New york Times с ключевыми словами: Trump и Biden

2024-05-28 13:16:27,124 INFO 
	Новые статьи на сайте New york Times с ключевыми словами: Trump и Biden

2024-05-28 13:26:28,088 INFO 
	Новые статьи на сайте New york Times с ключевыми словами: Trump и Biden

2024-05-28 13:36:29,274 INFO 
	Новые статьи на сайте New york Times с ключевыми словами: Trump и Biden

2024-05-28 13:46:30,271 INFO 
	Новые статьи на сайте New york Times с ключевыми словами: Trump и Biden

2024-05-28 13:56:31,346 INFO 
	Новые статьи на сайте New york Times с ключевыми словами: Trump и Biden

2024-05-28 14:06:32,357 INFO 
	Новые статьи на сайте New york Times с ключевыми словами: Trump и Biden

2024-05-28 14:16:33,600 INFO 
	Новые статьи на сайте New york Times с ключевыми словами: Trump и Biden

2024-05-28 14:26:34,673 INFO 
	Новые статьи на сайте New york Times с ключевыми словами: Trump и Biden

2024-05-28 14:36:36,192 INFO 
	Новые статьи на сайте New york Times с ключевыми словами: Trump и Biden

2024-05-28 14:46:37,063 INFO 
	Новые статьи на сайте New york Times с ключевыми словами: Trump и Biden

2024-05-28 14:56:37,911 INFO 
	Новые статьи на сайте New york Times с ключевыми словами: Trump и Biden

2024-05-28 15:06:39,939 INFO 
	Новые статьи на сайте New york Times с ключевыми словами: Trump и Biden

2024-05-28 15:16:41,346 INFO 
	Новые статьи на сайте New york Times с ключевыми словами: Trump и Biden

2024-05-28 15:26:48,298 INFO 
	Новые статьи на сайте New york Times с ключевыми словами: Trump и Biden

2024-05-28 15:36:49,781 INFO 
	Новые статьи на сайте New york Times с ключевыми словами: Trump и Biden

2024-05-28 15:46:52,608 INFO 
	Новые статьи на сайте New york Times с ключевыми словами: Trump и Biden

2024-05-28 15:56:59,777 INFO 
	Новые статьи на сайте New york Times с ключевыми словами: Trump и Biden

2024-05-28 16:07:05,423 INFO 
	Новые статьи на сайте New york Times с ключевыми словами: Trump и Biden

2024-05-28 16:17:06,507 INFO 
	Новые статьи на сайте New york Times с ключевыми словами: Trump и Biden

2024-05-28 16:27:07,417 INFO 
	Новые статьи на сайте New york Times с ключевыми словами: Trump и Biden

2024-05-28 16:37:08,643 INFO 
	Новые статьи на сайте New york Times с ключевыми словами: Trump и Biden

2024-05-28 16:47:09,488 INFO 
	Новые статьи на сайте New york Times с ключевыми словами: Trump и Biden

2024-05-28 16:57:10,549 INFO 
	Новые статьи на сайте New york Times с ключевыми словами: Trump и Biden

2024-05-28 17:07:11,614 INFO 
	Новые статьи на сайте New york Times с ключевыми словами: Trump и Biden

2024-05-28 17:17:14,305 INFO 
	Новые статьи на сайте New york Times с ключевыми словами: Trump и Biden

2024-05-28 17:27:15,235 INFO 
	Новые статьи на сайте New york Times с ключевыми словами: Trump и Biden

2024-05-28 17:37:16,231 INFO 
	Новые статьи на сайте New york Times с ключевыми словами: Trump и Biden

2024-05-28 17:47:17,090 INFO 
	Новые статьи на сайте New york Times с ключевыми словами: Trump и Biden

2024-05-28 17:57:18,332 INFO 
	Новые статьи на сайте New york Times с ключевыми словами: Trump и Biden

2024-05-28 18:07:19,328 INFO 
	Новые статьи на сайте New york Times с ключевыми словами: Trump и Biden

2024-05-28 18:17:20,212 INFO 
	Новые статьи на сайте New york Times с ключевыми словами: Trump и Biden

2024-05-28 18:27:21,469 INFO 
	Новые статьи на сайте New york Times с ключевыми словами: Trump и Biden

2024-05-28 18:37:22,616 INFO 
	Новые статьи на сайте New york Times с ключевыми словами: Trump и Biden

2024-05-28 18:47:23,853 INFO 
	Новые статьи на сайте New york Times с ключевыми словами: Trump и Biden

2024-05-28 18:57:24,865 INFO 
	Новые статьи на сайте New york Times с ключевыми словами: Trump и Biden

2024-05-28 19:07:25,647 INFO 
	Новые статьи на сайте New york Times с ключевыми словами: Trump и Biden

2024-05-28 19:07:26,871 INFO Заголовок статьи: If Trump Is Convicted, How Will Biden’s Team Go on the Attack?
2024-05-28 19:07:26,871 INFO Краткое описание: A guilty verdict in New York would be a gift for Democrats — but if it comes, the Biden campaign is unlikely to tear up its 2024 playbook.
2024-05-28 19:07:26,871 INFO Автор: Reid J. EpsteinandNicholas Nehamas

2024-05-28 19:17:26,872 INFO 
	Новые статьи на сайте New york Times с ключевыми словами: Trump и Biden

2024-05-28 19:27:28,892 INFO 
	Новые статьи на сайте New york Times с ключевыми словами: Trump и Biden

2024-05-28 19:27:29,640 INFO Заголовок статьи: Biden’s Campaign Trolls Trump Outside the Courthouse, in a First
2024-05-28 19:27:29,641 INFO Краткое описание: Holding a news conference with Robert De Niro and two former Capitol Police officers, the Biden campaign signaled it was growing more assertive on Donald Trump’s legal troubles.
2024-05-28 19:27:29,641 INFO Автор: Reid J. Epstein, Neil VigdorandMichael Gold

2024-05-28 19:37:29,642 INFO 
	Новые статьи на сайте New york Times с ключевыми словами: Trump и Biden

2024-05-28 19:47:30,610 INFO 
	Новые статьи на сайте New york Times с ключевыми словами: Trump и Biden

2024-05-28 19:57:31,709 INFO 
	Новые статьи на сайте New york Times с ключевыми словами: Trump и Biden

2024-05-28 20:07:32,633 INFO 
	Новые статьи на сайте New york Times с ключевыми словами: Trump и Biden

2024-05-28 20:17:33,360 INFO 
	Новые статьи на сайте New york Times с ключевыми словами: Trump и Biden

2024-05-28 20:27:34,347 INFO 
	Новые статьи на сайте New york Times с ключевыми словами: Trump и Biden

2024-05-28 20:27:35,477 INFO Заголовок статьи: Judge Denies Limited Gag Order Request in Trump Documents Case
2024-05-28 20:27:35,478 INFO Краткое описание: The decision was made on procedural grounds and left open the possibility that federal prosecutors could try again to restrict Donald Trump from making statements that could endanger F.B.I. agents.
2024-05-28 20:27:35,479 INFO Автор: Alan Feuer

2024-05-28 20:37:35,480 INFO 
	Новые статьи на сайте New york Times с ключевыми словами: Trump и Biden

2024-05-28 20:47:36,870 INFO 
	Новые статьи на сайте New york Times с ключевыми словами: Trump и Biden

2024-05-28 20:57:38,118 INFO 
	Новые статьи на сайте New york Times с ключевыми словами: Trump и Biden

2024-05-28 21:07:38,906 INFO 
	Новые статьи на сайте New york Times с ключевыми словами: Trump и Biden

2024-05-28 21:17:39,781 INFO 
	Новые статьи на сайте New york Times с ключевыми словами: Trump и Biden

2024-05-28 21:27:41,046 INFO 
	Новые статьи на сайте New york Times с ключевыми словами: Trump и Biden

2024-05-28 21:27:42,203 INFO Заголовок статьи: Robert De Niro, as Biden Surrogate, Says Trump ‘Absolutely’ Should Go to Jail
2024-05-28 21:27:42,204 INFO Краткое описание: Seeking to troll Donald Trump outside his Manhattan trial, the Biden campaign held a news conference with the actor and two former Capitol Police officers. Mr. De Niro veered off script.
2024-05-28 21:27:42,205 INFO Автор: Reid J. Epstein, Nate Schweber, Neil VigdorandMichael Gold

2024-05-28 21:37:42,205 INFO 
	Новые статьи на сайте New york Times с ключевыми словами: Trump и Biden

2024-05-28 21:47:43,663 INFO 
	Новые статьи на сайте New york Times с ключевыми словами: Trump и Biden

2024-05-28 21:57:44,632 INFO 
	Новые статьи на сайте New york Times с ключевыми словами: Trump и Biden

2024-05-28 22:07:45,723 INFO 
	Новые статьи на сайте New york Times с ключевыми словами: Trump и Biden

2024-05-28 22:17:47,309 INFO 
	Новые статьи на сайте New york Times с ключевыми словами: Trump и Biden

2024-05-28 22:27:48,352 INFO 
	Новые статьи на сайте New york Times с ключевыми словами: Trump и Biden

2024-05-28 22:37:49,200 INFO 
	Новые статьи на сайте New york Times с ключевыми словами: Trump и Biden

2024-05-28 22:47:50,212 INFO 
	Новые статьи на сайте New york Times с ключевыми словами: Trump и Biden

2024-05-28 22:47:51,075 INFO Заголовок статьи: Marco Rubio Wants to Be Trump’s Vice President. He Doesn’t Want to Audition.
2024-05-28 22:47:51,075 INFO Краткое описание: The last time the Florida senator lived in Donald J. Trump’s orbit he was mocked and defeated. As he returns, he’s trying to do it on his terms.
2024-05-28 22:47:51,075 INFO Автор: Michael C. BenderandPatricia Mazzei

2024-05-28 22:57:51,076 INFO 
	Новые статьи на сайте New york Times с ключевыми словами: Trump и Biden

2024-05-28 23:07:52,079 INFO 
	Новые статьи на сайте New york Times с ключевыми словами: Trump и Biden

2024-05-28 23:17:52,939 INFO 
	Новые статьи на сайте New york Times с ключевыми словами: Trump и Biden

2024-05-28 23:27:53,853 INFO 
	Новые статьи на сайте New york Times с ключевыми словами: Trump и Biden

2024-05-28 23:37:54,920 INFO 
	Новые статьи на сайте New york Times с ключевыми словами: Trump и Biden

2024-05-28 23:47:55,897 INFO 
	Новые статьи на сайте New york Times с ключевыми словами: Trump и Biden

2024-05-28 23:57:56,880 INFO 
	Новые статьи на сайте New york Times с ключевыми словами: Trump и Biden

2024-05-29 00:07:58,257 INFO 
	Новые статьи на сайте New york Times с ключевыми словами: Trump и Biden

2024-05-29 00:17:59,187 INFO 
	Новые статьи на сайте New york Times с ключевыми словами: Trump и Biden

2024-05-29 00:28:00,119 INFO 
	Новые статьи на сайте New york Times с ключевыми словами: Trump и Biden

2024-05-29 00:38:01,257 INFO 
	Новые статьи на сайте New york Times с ключевыми словами: Trump и Biden

2024-05-29 00:48:02,128 INFO 
	Новые статьи на сайте New york Times с ключевыми словами: Trump и Biden

2024-05-29 00:58:02,998 INFO 
	Новые статьи на сайте New york Times с ключевыми словами: Trump и Biden

2024-05-29 01:08:03,775 INFO 
	Новые статьи на сайте New york Times с ключевыми словами: Trump и Biden

2024-05-29 01:18:05,185 INFO 
	Новые статьи на сайте New york Times с ключевыми словами: Trump и Biden

2024-05-29 01:28:06,270 INFO 
	Новые статьи на сайте New york Times с ключевыми словами: Trump и Biden

2024-05-29 01:38:07,571 INFO 
	Новые статьи на сайте New york Times с ключевыми словами: Trump и Biden

2024-05-29 01:48:08,721 INFO 
	Новые статьи на сайте New york Times с ключевыми словами: Trump и Biden

2024-05-29 01:58:09,595 INFO 
	Новые статьи на сайте New york Times с ключевыми словами: Trump и Biden

2024-05-29 02:08:10,592 INFO 
	Новые статьи на сайте New york Times с ключевыми словами: Trump и Biden

2024-05-29 02:18:11,526 INFO 
	Новые статьи на сайте New york Times с ключевыми словами: Trump и Biden

2024-05-29 02:28:13,038 INFO 
	Новые статьи на сайте New york Times с ключевыми словами: Trump и Biden

2024-05-29 02:38:14,445 INFO 
	Новые статьи на сайте New york Times с ключевыми словами: Trump и Biden

2024-05-29 02:48:15,709 INFO 
	Новые статьи на сайте New york Times с ключевыми словами: Trump и Biden

2024-05-29 02:58:16,807 INFO 
	Новые статьи на сайте New york Times с ключевыми словами: Trump и Biden

2024-05-29 03:08:22,445 INFO 
	Новые статьи на сайте New york Times с ключевыми словами: Trump и Biden

2024-05-29 03:18:23,463 INFO 
	Новые статьи на сайте New york Times с ключевыми словами: Trump и Biden

2024-05-29 03:28:29,085 INFO 
	Новые статьи на сайте New york Times с ключевыми словами: Trump и Biden

2024-05-29 03:38:34,426 INFO 
	Новые статьи на сайте New york Times с ключевыми словами: Trump и Biden

2024-05-29 03:48:35,695 INFO 
	Новые статьи на сайте New york Times с ключевыми словами: Trump и Biden

2024-05-29 03:58:36,536 INFO 
	Новые статьи на сайте New york Times с ключевыми словами: Trump и Biden

2024-05-29 04:08:37,356 INFO 
	Новые статьи на сайте New york Times с ключевыми словами: Trump и Biden

2024-05-29 04:18:38,281 INFO 
	Новые статьи на сайте New york Times с ключевыми словами: Trump и Biden

2024-05-29 04:28:39,228 INFO 
	Новые статьи на сайте New york Times с ключевыми словами: Trump и Biden

2024-05-29 04:38:40,150 INFO 
	Новые статьи на сайте New york Times с ключевыми словами: Trump и Biden

2024-05-29 04:48:41,215 INFO 
	Новые статьи на сайте New york Times с ключевыми словами: Trump и Biden

2024-05-29 04:58:42,304 INFO 
	Новые статьи на сайте New york Times с ключевыми словами: Trump и Biden

2024-05-29 05:08:43,234 INFO 
	Новые статьи на сайте New york Times с ключевыми словами: Trump и Biden

2024-05-29 05:18:44,048 INFO 
	Новые статьи на сайте New york Times с ключевыми словами: Trump и Biden

2024-05-29 05:28:45,438 INFO 
	Новые статьи на сайте New york Times с ключевыми словами: Trump и Biden

2024-05-29 05:38:46,354 INFO 
	Новые статьи на сайте New york Times с ключевыми словами: Trump и Biden

2024-05-29 05:48:47,243 INFO 
	Новые статьи на сайте New york Times с ключевыми словами: Trump и Biden

2024-05-29 05:58:48,098 INFO 
	Новые статьи на сайте New york Times с ключевыми словами: Trump и Biden

2024-05-29 06:08:49,420 INFO 
	Новые статьи на сайте New york Times с ключевыми словами: Trump и Biden

2024-05-29 06:18:50,150 INFO 
	Новые статьи на сайте New york Times с ключевыми словами: Trump и Biden

2024-05-29 06:28:51,271 INFO 
	Новые статьи на сайте New york Times с ключевыми словами: Trump и Biden

2024-05-29 06:38:52,369 INFO 
	Новые статьи на сайте New york Times с ключевыми словами: Trump и Biden

2024-05-29 06:48:53,557 INFO 
	Новые статьи на сайте New york Times с ключевыми словами: Trump и Biden

2024-05-29 06:58:54,515 INFO 
	Новые статьи на сайте New york Times с ключевыми словами: Trump и Biden

2024-05-29 07:08:55,352 INFO 
	Новые статьи на сайте New york Times с ключевыми словами: Trump и Biden

2024-05-29 07:18:56,187 INFO 
	Новые статьи на сайте New york Times с ключевыми словами: Trump и Biden

2024-05-29 07:28:57,081 INFO 
	Новые статьи на сайте New york Times с ключевыми словами: Trump и Biden

2024-05-29 07:38:58,136 INFO 
	Новые статьи на сайте New york Times с ключевыми словами: Trump и Biden

2024-05-29 07:48:59,331 INFO 
	Новые статьи на сайте New york Times с ключевыми словами: Trump и Biden

2024-05-29 07:59:01,194 INFO 
	Новые статьи на сайте New york Times с ключевыми словами: Trump и Biden

2024-05-29 08:09:02,042 INFO 
	Новые статьи на сайте New york Times с ключевыми словами: Trump и Biden

2024-05-29 08:19:03,093 INFO 
	Новые статьи на сайте New york Times с ключевыми словами: Trump и Biden

2024-05-29 08:29:04,093 INFO 
	Новые статьи на сайте New york Times с ключевыми словами: Trump и Biden

2024-05-29 08:39:05,374 INFO 
	Новые статьи на сайте New york Times с ключевыми словами: Trump и Biden

2024-05-29 08:49:06,319 INFO 
	Новые статьи на сайте New york Times с ключевыми словами: Trump и Biden

2024-05-29 08:59:07,099 INFO 
	Новые статьи на сайте New york Times с ключевыми словами: Trump и Biden

2024-05-29 09:09:08,092 INFO 
	Новые статьи на сайте New york Times с ключевыми словами: Trump и Biden

